<?xml version="1.0" encoding="UTF-8"?>
<testsuite xmlns:xsi="http://www.w3.org/2001/XMLSchema-instance" xsi:noNamespaceSchemaLocation="https://maven.apache.org/surefire/maven-surefire-plugin/xsd/surefire-test-report.xsd" name="com.adactin.runner.TestRunner" time="26.471" tests="62" errors="0" skipped="0" failures="0">
  <properties>
[...]
</properties>
  <testcase name="Given User launch the adactin application" classname="| AAAA | 1111 |" time="0.004"/>
  <testcase name="When User log into the application" classname="| AAAA | 1111 |" time="0"/>
  <testcase name="Given User launches the application" classname="| AAAA | 1111 |" time="0"/>
  <testcase name="When User enters the valid &quot;AAAA&quot; in Username field" classname="| AAAA | 1111 |" time="0.001"/>
  <testcase name="And User enters the valid &quot;1111&quot; in password field" classname="| AAAA | 1111 |" time="0"/>
  <testcase name="And User clicks the Login Button" classname="| AAAA | 1111 |" time="0"/>
  <testcase name="Then User verify the Homepage navigates to the Search Hotel Page" classname="| AAAA | 1111 |" time="0"/>
  <testcase name="| AAAA | 1111 |" classname="| AAAA | 1111 |" time="0.001"/>
  <testcase name="Given User launch the adactin application" classname="| BBBB | 2222 |" time="0"/>
  <testcase name="When User log into the application" classname="| BBBB | 2222 |" time="0"/>
  <testcase name="Given User launches the application" classname="| BBBB | 2222 |" time="0"/>
  <testcase name="When User enters the valid &quot;BBBB&quot; in Username field" classname="| BBBB | 2222 |" time="0.001"/>
  <testcase name="And User enters the valid &quot;2222&quot; in password field" classname="| BBBB | 2222 |" time="0"/>
  <testcase name="And User clicks the Login Button" classname="| BBBB | 2222 |" time="0"/>
  <testcase name="Then User verify the Homepage navigates to the Search Hotel Page" classname="| BBBB | 2222 |" time="0"/>
  <testcase name="| BBBB | 2222 |" classname="| BBBB | 2222 |" time="0.003"/>
  <testcase name="Given User launch the adactin application" classname="| SreeDeviRaman | Sree@123 |" time="0"/>
  <testcase name="When User log into the application" classname="| SreeDeviRaman | Sree@123 |" time="0"/>
  <testcase name="Given User launches the application" classname="| SreeDeviRaman | Sree@123 |" time="0"/>
  <testcase name="When User enters the valid &quot;SreeDeviRaman&quot; in Username field" classname="| SreeDeviRaman | Sree@123 |" time="0"/>
  <testcase name="And User enters the valid &quot;Sree@123&quot; in password field" classname="| SreeDeviRaman | Sree@123 |" time="0"/>
  <testcase name="And User clicks the Login Button" classname="| SreeDeviRaman | Sree@123 |" time="0"/>
  <testcase name="Then User verify the Homepage navigates to the Search Hotel Page" classname="| SreeDeviRaman | Sree@123 |" time="0"/>
  <testcase name="| SreeDeviRaman | Sree@123 |" classname="| SreeDeviRaman | Sree@123 |" time="0.002"/>
  <testcase name="Given User launch the adactin application" classname="Scenario: Verify user is in SearchHotel page" time="0"/>
  <testcase name="When User log into the application" classname="Scenario: Verify user is in SearchHotel page" time="0"/>
  <testcase name="When User selects the location &quot;Sydney&quot; as &quot;value&quot; in the Select location field" classname="Scenario: Verify user is in SearchHotel page" time="0.001"/>
  <testcase name="And User selects the Hotel &quot;Hotel Creek&quot; as &quot;visibletext&quot; in Select Hotel field" classname="Scenario: Verify user is in SearchHotel page" time="0"/>
  <testcase name="And User selects the room type in Select Room type field" classname="Scenario: Verify user is in SearchHotel page" time="0"/>
  <testcase name="And User selects the number of rooms" classname="Scenario: Verify user is in SearchHotel page" time="0"/>
  <testcase name="And User selects the check in date" classname="Scenario: Verify user is in SearchHotel page" time="0"/>
  <testcase name="And User selects the check out date" classname="Scenario: Verify user is in SearchHotel page" time="0"/>
  <testcase name="And User selects the adults per Room" classname="Scenario: Verify user is in SearchHotel page" time="0.001"/>
  <testcase name="And User selects the children per Room" classname="Scenario: Verify user is in SearchHotel page" time="0"/>
  <testcase name="And User clicks on search button to search for the details" classname="Scenario: Verify user is in SearchHotel page" time="0"/>
  <testcase name="Then User verify the Search Hotel Page navigates to Select hotel page" classname="Scenario: Verify user is in SearchHotel page" time="0"/>
  <testcase name="Scenario: Verify user is in SearchHotel page" classname="Scenario: Verify user is in SearchHotel page" time="0.001"/>
  <testcase name="Given User launch the adactin application" classname="Scenario: Verify user is in Select Hotel page" time="0"/>
  <testcase name="When User log into the application" classname="Scenario: Verify user is in Select Hotel page" time="0"/>
  <testcase name="When User clicks on the selected radion button" classname="Scenario: Verify user is in Select Hotel page" time="0"/>
  <testcase name="And User clicks on the continue button" classname="Scenario: Verify user is in Select Hotel page" time="0.001"/>
  <testcase name="Then User verify the Select Hotel page navigates to Book a Hotel page" classname="Scenario: Verify user is in Select Hotel page" time="0"/>
  <testcase name="Scenario: Verify user is in Select Hotel page" classname="Scenario: Verify user is in Select Hotel page" time="0.001"/>
  <testcase name="Given User launch the adactin application" classname="Scenario: Verify user is in Book a Hotel page" time="0"/>
  <testcase name="When User log into the application" classname="Scenario: Verify user is in Book a Hotel page" time="0"/>
  <testcase name="When User enters the  first name in FirstName field" classname="Scenario: Verify user is in Book a Hotel page" time="0"/>
  <testcase name="When User enters the  last name in LastName field" classname="Scenario: Verify user is in Book a Hotel page" time="0"/>
  <testcase name="When User enters the  billing Address in Billing Address field" classname="Scenario: Verify user is in Book a Hotel page" time="0"/>
  <testcase name="When User enters the  Credit Card Number in Credit Card Number field" classname="Scenario: Verify user is in Book a Hotel page" time="0"/>
  <testcase name="When User enters the  credit card type in Credit Card Type field" classname="Scenario: Verify user is in Book a Hotel page" time="0"/>
  <testcase name="When User enters expiry month in Expiry Month field" classname="Scenario: Verify user is in Book a Hotel page" time="0"/>
  <testcase name="When User enters expiry year in Expiry Year field" classname="Scenario: Verify user is in Book a Hotel page" time="0"/>
  <testcase name="When User enters the cvv number in CVV field" classname="Scenario: Verify user is in Book a Hotel page" time="0"/>
  <testcase name="When User clicks on the BookNow Button" classname="Scenario: Verify user is in Book a Hotel page" time="0"/>
  <testcase name="Then User verify the Book a Hotel navigates to Booking Confirmation page" classname="Scenario: Verify user is in Book a Hotel page" time="0"/>
  <testcase name="Scenario: Verify user is in Book a Hotel page" classname="Scenario: Verify user is in Book a Hotel page" time="0.002"/>
  <testcase name="Given User launch the adactin application" classname="Scenario: Verify user is in Booking ConfirmationPage" time="0"/>
  <testcase name="When User log into the application" classname="Scenario: Verify user is in Booking ConfirmationPage" time="0"/>
  <testcase name="When user clicks on book itinerary button" classname="Scenario: Verify user is in Booking ConfirmationPage" time="0"/>
  <testcase name="And User clicks on log out button to exit the page" classname="Scenario: Verify user is in Booking ConfirmationPage" time="0"/>
  <testcase name="Then User verify Book Itinerary page navigates to successfully logged out page" classname="Scenario: Verify user is in Booking ConfirmationPage" time="0"/>
  <testcase name="Scenario: Verify user is in Booking ConfirmationPage" classname="Scenario: Verify user is in Booking ConfirmationPage" time="0.001"/>
</testsuite>